<?xml version="1.1" encoding="UTF-8"?>
<testsuite name="com.tedneward.example.TestPerson" tests="8" failures="0" errors="0" timestamp="2015-01-21T01:25:56" hostname="Kevin-Ubuntu-Linux" time="0.003">
  <properties/>
  <testcase name="viewReadabletoString" classname="com.tedneward.example.TestPerson" time="0.001"/>
  <testcase name="setNameToNull" classname="com.tedneward.example.TestPerson" time="0.0"/>
  <testcase name="exercisePersonEquals" classname="com.tedneward.example.TestPerson" time="0.001"/>
  <testcase name="useAgeComparator" classname="com.tedneward.example.TestPerson" time="0.0"/>
  <testcase name="useNaturalComparison" classname="com.tedneward.example.TestPerson" time="0.0"/>
  <testcase name="catchPropertyChange" classname="com.tedneward.example.TestPerson" time="0.001"/>
  <testcase name="setAgeToBeNegative" classname="com.tedneward.example.TestPerson" time="0.0"/>
  <testcase name="exerciseTheBasics" classname="com.tedneward.example.TestPerson" time="0.0"/>
  <system-out><![CDATA[]]></system-out>
  <system-err><![CDATA[]]></system-err>
</testsuite>
